/home/user/workspace/erdos872/min_mp_sat.py:1: SyntaxWarning: invalid escape sequence '\M'
  """
=== Min maximal primitive subset via CP-SAT, n=71..200, time_limit=60s/n ===
n=71: π(n)=20, min|M|=20 (OPTIMAL, 0.12s)
  confirmed min|M|=π(n). witness=[3, 5, 7, 11, 13, 17, 19, 23, 29, 31, 37, 41, 43, 47, 53]...
n=72: π(n)=20, min|M|=20 (OPTIMAL, 0.01s)
  confirmed min|M|=π(n). witness=[3, 5, 7, 11, 13, 17, 19, 23, 29, 31, 37, 41, 43, 47, 53]...
n=73: π(n)=21, min|M|=21 (OPTIMAL, 0.01s)
  confirmed min|M|=π(n). witness=[3, 5, 7, 11, 13, 17, 19, 23, 29, 31, 37, 41, 43, 47, 53]...
n=74: π(n)=21, min|M|=21 (OPTIMAL, 0.01s)
  confirmed min|M|=π(n). witness=[3, 5, 7, 11, 13, 17, 19, 23, 29, 31, 37, 41, 43, 47, 53]...
n=75: π(n)=21, min|M|=21 (OPTIMAL, 0.01s)
  confirmed min|M|=π(n). witness=[3, 5, 7, 11, 13, 17, 19, 23, 29, 31, 37, 41, 43, 47, 53]...
n=76: π(n)=21, min|M|=21 (OPTIMAL, 0.01s)
  confirmed min|M|=π(n). witness=[3, 5, 7, 11, 13, 17, 19, 23, 29, 31, 37, 41, 43, 47, 53]...
n=77: π(n)=21, min|M|=21 (OPTIMAL, 0.01s)
  confirmed min|M|=π(n). witness=[3, 5, 7, 11, 13, 17, 19, 23, 29, 31, 37, 41, 43, 47, 53]...
n=78: π(n)=21, min|M|=21 (OPTIMAL, 0.13s)
  confirmed min|M|=π(n). witness=[3, 5, 7, 11, 13, 17, 19, 23, 29, 31, 37, 41, 43, 47, 53]...
n=79: π(n)=22, min|M|=22 (OPTIMAL, 0.01s)
  confirmed min|M|=π(n). witness=[3, 5, 7, 11, 13, 17, 19, 23, 29, 31, 37, 41, 43, 47, 53]...
n=80: π(n)=22, min|M|=22 (OPTIMAL, 0.01s)
  confirmed min|M|=π(n). witness=[3, 5, 7, 11, 13, 17, 19, 23, 29, 31, 37, 41, 43, 47, 53]...
n=81: π(n)=22, min|M|=22 (OPTIMAL, 0.01s)
  confirmed min|M|=π(n). witness=[3, 5, 7, 11, 13, 17, 19, 23, 29, 31, 37, 41, 43, 47, 53]...
n=82: π(n)=22, min|M|=22 (OPTIMAL, 0.01s)
  confirmed min|M|=π(n). witness=[3, 5, 7, 11, 13, 17, 19, 23, 29, 31, 37, 41, 43, 47, 53]...
n=83: π(n)=23, min|M|=23 (OPTIMAL, 0.01s)
  confirmed min|M|=π(n). witness=[3, 5, 7, 11, 13, 17, 19, 23, 29, 31, 37, 41, 43, 47, 53]...
n=84: π(n)=23, min|M|=23 (OPTIMAL, 0.01s)
  confirmed min|M|=π(n). witness=[3, 5, 7, 11, 13, 17, 19, 23, 29, 31, 37, 41, 43, 47, 53]...
n=85: π(n)=23, min|M|=23 (OPTIMAL, 0.01s)
  confirmed min|M|=π(n). witness=[3, 5, 7, 11, 13, 17, 19, 23, 29, 31, 37, 41, 43, 47, 53]...
n=86: π(n)=23, min|M|=23 (OPTIMAL, 0.01s)
  confirmed min|M|=π(n). witness=[3, 5, 7, 11, 13, 17, 19, 23, 29, 31, 37, 41, 43, 47, 53]...
n=87: π(n)=23, min|M|=23 (OPTIMAL, 0.01s)
  confirmed min|M|=π(n). witness=[3, 5, 7, 11, 13, 17, 19, 23, 29, 31, 37, 41, 43, 47, 53]...
n=88: π(n)=23, min|M|=23 (OPTIMAL, 0.01s)
  confirmed min|M|=π(n). witness=[3, 5, 7, 11, 13, 17, 19, 23, 29, 31, 37, 41, 43, 47, 53]...
n=89: π(n)=24, min|M|=24 (OPTIMAL, 0.10s)
  confirmed min|M|=π(n). witness=[3, 5, 7, 11, 13, 17, 19, 23, 29, 31, 37, 41, 43, 47, 53]...
n=90: π(n)=24, min|M|=24 (OPTIMAL, 0.01s)
  confirmed min|M|=π(n). witness=[3, 5, 7, 11, 13, 17, 19, 23, 29, 31, 37, 41, 43, 47, 53]...
n=91: π(n)=24, min|M|=24 (OPTIMAL, 0.01s)
  confirmed min|M|=π(n). witness=[3, 5, 7, 11, 13, 17, 19, 23, 29, 31, 37, 41, 43, 47, 53]...
n=92: π(n)=24, min|M|=24 (OPTIMAL, 0.01s)
  confirmed min|M|=π(n). witness=[3, 5, 7, 11, 13, 17, 19, 23, 29, 31, 37, 41, 43, 47, 53]...
n=93: π(n)=24, min|M|=24 (OPTIMAL, 0.01s)
  confirmed min|M|=π(n). witness=[3, 5, 7, 11, 13, 17, 19, 23, 29, 31, 37, 41, 43, 47, 53]...
n=94: π(n)=24, min|M|=24 (OPTIMAL, 0.02s)
  confirmed min|M|=π(n). witness=[3, 5, 7, 11, 13, 17, 19, 23, 29, 31, 37, 41, 43, 47, 53]...
n=95: π(n)=24, min|M|=24 (OPTIMAL, 0.02s)
  confirmed min|M|=π(n). witness=[3, 5, 7, 11, 13, 17, 19, 23, 29, 31, 37, 41, 43, 47, 53]...
n=96: π(n)=24, min|M|=24 (OPTIMAL, 0.02s)
  confirmed min|M|=π(n). witness=[3, 5, 7, 11, 13, 17, 19, 23, 29, 31, 37, 41, 43, 47, 53]...
n=97: π(n)=25, min|M|=25 (OPTIMAL, 0.02s)
  confirmed min|M|=π(n). witness=[3, 5, 7, 11, 13, 17, 19, 23, 29, 31, 37, 41, 43, 47, 53]...
n=98: π(n)=25, min|M|=25 (OPTIMAL, 0.08s)
  confirmed min|M|=π(n). witness=[3, 5, 7, 11, 13, 17, 19, 23, 29, 31, 37, 41, 43, 47, 53]...
n=99: π(n)=25, min|M|=25 (OPTIMAL, 0.02s)
  confirmed min|M|=π(n). witness=[3, 5, 7, 11, 13, 17, 19, 23, 29, 31, 37, 41, 43, 47, 53]...
n=100: π(n)=25, min|M|=25 (OPTIMAL, 0.02s)
  confirmed min|M|=π(n). witness=[3, 5, 7, 11, 13, 17, 19, 23, 29, 31, 37, 41, 43, 47, 53]...
n=101: π(n)=26, min|M|=26 (OPTIMAL, 0.02s)
  confirmed min|M|=π(n). witness=[3, 5, 7, 11, 13, 17, 19, 23, 29, 31, 37, 41, 43, 47, 53]...
n=102: π(n)=26, min|M|=26 (OPTIMAL, 0.02s)
  confirmed min|M|=π(n). witness=[3, 5, 7, 11, 13, 17, 19, 23, 29, 31, 37, 41, 43, 47, 53]...
n=103: π(n)=27, min|M|=27 (OPTIMAL, 0.15s)
  confirmed min|M|=π(n). witness=[3, 5, 7, 11, 13, 17, 19, 23, 29, 31, 37, 41, 43, 47, 53]...
n=104: π(n)=27, min|M|=27 (OPTIMAL, 0.02s)
  confirmed min|M|=π(n). witness=[3, 5, 7, 11, 13, 17, 19, 23, 29, 31, 37, 41, 43, 47, 53]...
n=105: π(n)=27, min|M|=27 (OPTIMAL, 0.02s)
  confirmed min|M|=π(n). witness=[3, 5, 7, 11, 13, 17, 19, 23, 29, 31, 37, 41, 43, 47, 53]...
n=106: π(n)=27, min|M|=27 (OPTIMAL, 0.02s)
  confirmed min|M|=π(n). witness=[3, 5, 7, 11, 13, 17, 19, 23, 29, 31, 37, 41, 43, 47, 53]...
n=107: π(n)=28, min|M|=28 (OPTIMAL, 0.02s)
  confirmed min|M|=π(n). witness=[3, 5, 7, 11, 13, 17, 19, 23, 29, 31, 37, 41, 43, 47, 53]...
n=108: π(n)=28, min|M|=28 (OPTIMAL, 0.02s)
  confirmed min|M|=π(n). witness=[3, 5, 7, 11, 13, 17, 19, 23, 29, 31, 37, 41, 43, 47, 53]...
n=109: π(n)=29, min|M|=29 (OPTIMAL, 0.02s)
  confirmed min|M|=π(n). witness=[3, 5, 7, 11, 13, 17, 19, 23, 29, 31, 37, 41, 43, 47, 53]...
n=110: π(n)=29, min|M|=29 (OPTIMAL, 0.02s)
  confirmed min|M|=π(n). witness=[3, 5, 7, 11, 13, 17, 19, 23, 29, 31, 37, 41, 43, 47, 53]...
n=111: π(n)=29, min|M|=29 (OPTIMAL, 0.02s)
  confirmed min|M|=π(n). witness=[3, 5, 7, 11, 13, 17, 19, 23, 29, 31, 37, 41, 43, 47, 53]...
n=112: π(n)=29, min|M|=29 (OPTIMAL, 0.02s)
  confirmed min|M|=π(n). witness=[3, 5, 7, 11, 13, 17, 19, 23, 29, 31, 37, 41, 43, 47, 53]...
n=113: π(n)=30, min|M|=30 (OPTIMAL, 0.02s)
  confirmed min|M|=π(n). witness=[3, 5, 7, 11, 13, 17, 19, 23, 29, 31, 37, 41, 43, 47, 53]...
n=114: π(n)=30, min|M|=30 (OPTIMAL, 0.02s)
  confirmed min|M|=π(n). witness=[3, 5, 7, 11, 13, 17, 19, 23, 29, 31, 37, 41, 43, 47, 53]...
n=115: π(n)=30, min|M|=30 (OPTIMAL, 0.02s)
  confirmed min|M|=π(n). witness=[3, 5, 7, 11, 13, 17, 19, 23, 29, 31, 37, 41, 43, 47, 53]...
n=116: π(n)=30, min|M|=30 (OPTIMAL, 0.02s)
  confirmed min|M|=π(n). witness=[3, 5, 7, 11, 13, 17, 19, 23, 29, 31, 37, 41, 43, 47, 53]...
n=117: π(n)=30, min|M|=30 (OPTIMAL, 0.02s)
  confirmed min|M|=π(n). witness=[3, 5, 7, 11, 13, 17, 19, 23, 29, 31, 37, 41, 43, 47, 53]...
n=118: π(n)=30, min|M|=30 (OPTIMAL, 0.02s)
  confirmed min|M|=π(n). witness=[3, 5, 7, 11, 13, 17, 19, 23, 29, 31, 37, 41, 43, 47, 53]...
n=119: π(n)=30, min|M|=30 (OPTIMAL, 0.02s)
  confirmed min|M|=π(n). witness=[3, 5, 7, 11, 13, 17, 19, 23, 29, 31, 37, 41, 43, 47, 53]...
n=120: π(n)=30, min|M|=30 (OPTIMAL, 0.05s)
  confirmed min|M|=π(n). witness=[3, 5, 7, 11, 13, 17, 19, 23, 29, 31, 37, 41, 43, 47, 53]...
n=121: π(n)=30, min|M|=30 (OPTIMAL, 0.02s)
  confirmed min|M|=π(n). witness=[3, 5, 7, 11, 13, 17, 19, 23, 29, 31, 37, 41, 43, 47, 53]...
n=122: π(n)=30, min|M|=30 (OPTIMAL, 0.02s)
  confirmed min|M|=π(n). witness=[3, 5, 7, 11, 13, 17, 19, 23, 29, 31, 37, 41, 43, 47, 53]...
n=123: π(n)=30, min|M|=30 (OPTIMAL, 0.02s)
  confirmed min|M|=π(n). witness=[3, 5, 7, 11, 13, 17, 19, 23, 29, 31, 37, 41, 43, 47, 53]...
n=124: π(n)=30, min|M|=30 (OPTIMAL, 0.02s)
  confirmed min|M|=π(n). witness=[3, 5, 7, 11, 13, 17, 19, 23, 29, 31, 37, 41, 43, 47, 53]...
n=125: π(n)=30, min|M|=30 (OPTIMAL, 0.02s)
  confirmed min|M|=π(n). witness=[3, 5, 7, 11, 13, 17, 19, 23, 29, 31, 37, 41, 43, 47, 53]...
n=126: π(n)=30, min|M|=30 (OPTIMAL, 0.02s)
  confirmed min|M|=π(n). witness=[3, 5, 7, 11, 13, 17, 19, 23, 29, 31, 37, 41, 43, 47, 53]...
n=127: π(n)=31, min|M|=31 (OPTIMAL, 0.02s)
  confirmed min|M|=π(n). witness=[3, 5, 7, 11, 13, 17, 19, 23, 29, 31, 37, 41, 43, 47, 53]...
n=128: π(n)=31, min|M|=31 (OPTIMAL, 0.02s)
  confirmed min|M|=π(n). witness=[3, 5, 7, 11, 13, 17, 19, 23, 29, 31, 37, 41, 43, 47, 53]...
n=129: π(n)=31, min|M|=31 (OPTIMAL, 0.02s)
  confirmed min|M|=π(n). witness=[3, 5, 7, 11, 13, 17, 19, 23, 29, 31, 37, 41, 43, 47, 53]...
n=130: π(n)=31, min|M|=31 (OPTIMAL, 0.02s)
  confirmed min|M|=π(n). witness=[3, 5, 7, 11, 13, 17, 19, 23, 29, 31, 37, 41, 43, 47, 53]...
n=131: π(n)=32, min|M|=32 (OPTIMAL, 0.02s)
  confirmed min|M|=π(n). witness=[3, 5, 7, 11, 13, 17, 19, 23, 29, 31, 37, 41, 43, 47, 53]...
n=132: π(n)=32, min|M|=32 (OPTIMAL, 0.03s)
  confirmed min|M|=π(n). witness=[3, 5, 7, 11, 13, 17, 19, 23, 29, 31, 37, 41, 43, 47, 53]...
n=133: π(n)=32, min|M|=32 (OPTIMAL, 0.02s)
  confirmed min|M|=π(n). witness=[3, 5, 7, 11, 13, 17, 19, 23, 29, 31, 37, 41, 43, 47, 53]...
n=134: π(n)=32, min|M|=32 (OPTIMAL, 0.02s)
  confirmed min|M|=π(n). witness=[3, 5, 7, 11, 13, 17, 19, 23, 29, 31, 37, 41, 43, 47, 53]...
n=135: π(n)=32, min|M|=32 (OPTIMAL, 0.03s)
  confirmed min|M|=π(n). witness=[3, 5, 7, 11, 13, 17, 19, 23, 29, 31, 37, 41, 43, 47, 53]...
n=136: π(n)=32, min|M|=32 (OPTIMAL, 0.02s)
  confirmed min|M|=π(n). witness=[3, 5, 7, 11, 13, 17, 19, 23, 29, 31, 37, 41, 43, 47, 53]...
n=137: π(n)=33, min|M|=33 (OPTIMAL, 0.02s)
  confirmed min|M|=π(n). witness=[3, 5, 7, 11, 13, 17, 19, 23, 29, 31, 37, 41, 43, 47, 53]...
n=138: π(n)=33, min|M|=33 (OPTIMAL, 0.02s)
  confirmed min|M|=π(n). witness=[3, 5, 7, 11, 13, 17, 19, 23, 29, 31, 37, 41, 43, 47, 53]...
n=139: π(n)=34, min|M|=34 (OPTIMAL, 0.05s)
  confirmed min|M|=π(n). witness=[3, 5, 7, 11, 13, 17, 19, 23, 29, 31, 37, 41, 43, 47, 53]...
n=140: π(n)=34, min|M|=34 (OPTIMAL, 0.02s)
  confirmed min|M|=π(n). witness=[3, 5, 7, 11, 13, 17, 19, 23, 29, 31, 37, 41, 43, 47, 53]...
n=141: π(n)=34, min|M|=34 (OPTIMAL, 0.02s)
  confirmed min|M|=π(n). witness=[3, 5, 7, 11, 13, 17, 19, 23, 29, 31, 37, 41, 43, 47, 53]...
n=142: π(n)=34, min|M|=34 (OPTIMAL, 0.03s)
  confirmed min|M|=π(n). witness=[3, 5, 7, 11, 13, 17, 19, 23, 29, 31, 37, 41, 43, 47, 53]...
n=143: π(n)=34, min|M|=34 (OPTIMAL, 0.03s)
  confirmed min|M|=π(n). witness=[3, 5, 7, 11, 13, 17, 19, 23, 29, 31, 37, 41, 43, 47, 53]...
n=144: π(n)=34, min|M|=34 (OPTIMAL, 0.03s)
  confirmed min|M|=π(n). witness=[3, 5, 7, 11, 13, 17, 19, 23, 29, 31, 37, 41, 43, 47, 53]...
n=145: π(n)=34, min|M|=34 (OPTIMAL, 0.03s)
  confirmed min|M|=π(n). witness=[3, 5, 7, 11, 13, 17, 19, 23, 29, 31, 37, 41, 43, 47, 53]...
n=146: π(n)=34, min|M|=34 (OPTIMAL, 0.03s)
  confirmed min|M|=π(n). witness=[3, 5, 7, 11, 13, 17, 19, 23, 29, 31, 37, 41, 43, 47, 53]...
n=147: π(n)=34, min|M|=34 (OPTIMAL, 0.03s)
  confirmed min|M|=π(n). witness=[3, 5, 7, 11, 13, 17, 19, 23, 29, 31, 37, 41, 43, 47, 53]...
n=148: π(n)=34, min|M|=34 (OPTIMAL, 0.03s)
  confirmed min|M|=π(n). witness=[3, 5, 7, 11, 13, 17, 19, 23, 29, 31, 37, 41, 43, 47, 53]...
n=149: π(n)=35, min|M|=35 (OPTIMAL, 0.03s)
  confirmed min|M|=π(n). witness=[3, 5, 7, 11, 13, 17, 19, 23, 29, 31, 37, 41, 43, 47, 53]...
n=150: π(n)=35, min|M|=35 (OPTIMAL, 0.03s)
  confirmed min|M|=π(n). witness=[3, 5, 7, 11, 13, 17, 19, 23, 29, 31, 37, 41, 43, 47, 53]...
n=151: π(n)=36, min|M|=36 (OPTIMAL, 0.03s)
  confirmed min|M|=π(n). witness=[3, 5, 7, 11, 13, 17, 19, 23, 29, 31, 37, 41, 43, 47, 53]...
n=152: π(n)=36, min|M|=36 (OPTIMAL, 0.03s)
  confirmed min|M|=π(n). witness=[3, 5, 7, 11, 13, 17, 19, 23, 29, 31, 37, 41, 43, 47, 53]...
n=153: π(n)=36, min|M|=36 (OPTIMAL, 0.03s)
  confirmed min|M|=π(n). witness=[3, 5, 7, 11, 13, 17, 19, 23, 29, 31, 37, 41, 43, 47, 53]...
n=154: π(n)=36, min|M|=36 (OPTIMAL, 0.03s)
  confirmed min|M|=π(n). witness=[3, 5, 7, 11, 13, 17, 19, 23, 29, 31, 37, 41, 43, 47, 53]...
n=155: π(n)=36, min|M|=36 (OPTIMAL, 0.03s)
  confirmed min|M|=π(n). witness=[3, 5, 7, 11, 13, 17, 19, 23, 29, 31, 37, 41, 43, 47, 53]...
n=156: π(n)=36, min|M|=36 (OPTIMAL, 0.12s)
  confirmed min|M|=π(n). witness=[3, 5, 7, 11, 13, 17, 19, 23, 29, 31, 37, 41, 43, 47, 53]...
n=157: π(n)=37, min|M|=37 (OPTIMAL, 0.03s)
  confirmed min|M|=π(n). witness=[3, 5, 7, 11, 13, 17, 19, 23, 29, 31, 37, 41, 43, 47, 53]...
n=158: π(n)=37, min|M|=37 (OPTIMAL, 0.03s)
  confirmed min|M|=π(n). witness=[3, 5, 7, 11, 13, 17, 19, 23, 29, 31, 37, 41, 43, 47, 53]...
n=159: π(n)=37, min|M|=37 (OPTIMAL, 0.03s)
  confirmed min|M|=π(n). witness=[3, 5, 7, 11, 13, 17, 19, 23, 29, 31, 37, 41, 43, 47, 53]...
n=160: π(n)=37, min|M|=37 (OPTIMAL, 0.04s)
  confirmed min|M|=π(n). witness=[3, 5, 7, 11, 13, 17, 19, 23, 29, 31, 37, 41, 43, 47, 53]...
n=161: π(n)=37, min|M|=37 (OPTIMAL, 0.03s)
  confirmed min|M|=π(n). witness=[3, 5, 7, 11, 13, 17, 19, 23, 29, 31, 37, 41, 43, 47, 53]...
n=162: π(n)=37, min|M|=37 (OPTIMAL, 0.03s)
  confirmed min|M|=π(n). witness=[3, 5, 7, 11, 13, 17, 19, 23, 29, 31, 37, 41, 43, 47, 53]...
n=163: π(n)=38, min|M|=38 (OPTIMAL, 0.03s)
  confirmed min|M|=π(n). witness=[3, 5, 7, 11, 13, 17, 19, 23, 29, 31, 37, 41, 43, 47, 53]...
n=164: π(n)=38, min|M|=38 (OPTIMAL, 0.03s)
  confirmed min|M|=π(n). witness=[3, 5, 7, 11, 13, 17, 19, 23, 29, 31, 37, 41, 43, 47, 53]...
n=165: π(n)=38, min|M|=38 (OPTIMAL, 0.03s)
  confirmed min|M|=π(n). witness=[3, 5, 7, 11, 13, 17, 19, 23, 29, 31, 37, 41, 43, 47, 53]...
n=166: π(n)=38, min|M|=38 (OPTIMAL, 0.09s)
  confirmed min|M|=π(n). witness=[3, 5, 7, 11, 13, 17, 19, 23, 29, 31, 37, 41, 43, 47, 53]...
n=167: π(n)=39, min|M|=39 (OPTIMAL, 0.03s)
  confirmed min|M|=π(n). witness=[3, 5, 7, 11, 13, 17, 19, 23, 29, 31, 37, 41, 43, 47, 53]...
n=168: π(n)=39, min|M|=39 (OPTIMAL, 0.03s)
  confirmed min|M|=π(n). witness=[3, 5, 7, 11, 13, 17, 19, 23, 29, 31, 37, 41, 43, 47, 53]...
n=169: π(n)=39, min|M|=39 (OPTIMAL, 0.03s)
  confirmed min|M|=π(n). witness=[3, 5, 7, 11, 13, 17, 19, 23, 29, 31, 37, 41, 43, 47, 53]...
n=170: π(n)=39, min|M|=39 (OPTIMAL, 0.04s)
  confirmed min|M|=π(n). witness=[3, 5, 7, 11, 13, 17, 19, 23, 29, 31, 37, 41, 43, 47, 53]...
n=171: π(n)=39, min|M|=39 (OPTIMAL, 0.03s)
  confirmed min|M|=π(n). witness=[3, 5, 7, 11, 13, 17, 19, 23, 29, 31, 37, 41, 43, 47, 53]...
n=172: π(n)=39, min|M|=39 (OPTIMAL, 0.03s)
  confirmed min|M|=π(n). witness=[3, 5, 7, 11, 13, 17, 19, 23, 29, 31, 37, 41, 43, 47, 53]...
n=173: π(n)=40, min|M|=40 (OPTIMAL, 0.03s)
  confirmed min|M|=π(n). witness=[3, 5, 7, 11, 13, 17, 19, 23, 29, 31, 37, 41, 43, 47, 53]...
n=174: π(n)=40, min|M|=40 (OPTIMAL, 0.04s)
  confirmed min|M|=π(n). witness=[3, 5, 7, 11, 13, 17, 19, 23, 29, 31, 37, 41, 43, 47, 53]...
n=175: π(n)=40, min|M|=40 (OPTIMAL, 0.04s)
  confirmed min|M|=π(n). witness=[3, 5, 7, 11, 13, 17, 19, 23, 29, 31, 37, 41, 43, 47, 53]...
n=176: π(n)=40, min|M|=40 (OPTIMAL, 0.03s)
  confirmed min|M|=π(n). witness=[3, 5, 7, 11, 13, 17, 19, 23, 29, 31, 37, 41, 43, 47, 53]...
n=177: π(n)=40, min|M|=40 (OPTIMAL, 0.03s)
  confirmed min|M|=π(n). witness=[3, 5, 7, 11, 13, 17, 19, 23, 29, 31, 37, 41, 43, 47, 53]...
n=178: π(n)=40, min|M|=40 (OPTIMAL, 0.04s)
  confirmed min|M|=π(n). witness=[3, 5, 7, 11, 13, 17, 19, 23, 29, 31, 37, 41, 43, 47, 53]...
n=179: π(n)=41, min|M|=41 (OPTIMAL, 0.03s)
  confirmed min|M|=π(n). witness=[3, 5, 7, 11, 13, 17, 19, 23, 29, 31, 37, 41, 43, 47, 53]...
n=180: π(n)=41, min|M|=41 (OPTIMAL, 0.05s)
  confirmed min|M|=π(n). witness=[3, 5, 7, 11, 13, 17, 19, 23, 29, 31, 37, 41, 43, 47, 53]...
n=181: π(n)=42, min|M|=42 (OPTIMAL, 0.04s)
  confirmed min|M|=π(n). witness=[3, 5, 7, 11, 13, 17, 19, 23, 29, 31, 37, 41, 43, 47, 53]...
n=182: π(n)=42, min|M|=42 (OPTIMAL, 0.05s)
  confirmed min|M|=π(n). witness=[3, 5, 7, 11, 13, 17, 19, 23, 29, 31, 37, 41, 43, 47, 53]...
n=183: π(n)=42, min|M|=42 (OPTIMAL, 0.04s)
  confirmed min|M|=π(n). witness=[3, 5, 7, 11, 13, 17, 19, 23, 29, 31, 37, 41, 43, 47, 53]...
n=184: π(n)=42, min|M|=42 (OPTIMAL, 0.11s)
  confirmed min|M|=π(n). witness=[3, 5, 7, 11, 13, 17, 19, 23, 29, 31, 37, 41, 43, 47, 53]...
n=185: π(n)=42, min|M|=42 (OPTIMAL, 0.05s)
  confirmed min|M|=π(n). witness=[3, 5, 7, 11, 13, 17, 19, 23, 29, 31, 37, 41, 43, 47, 53]...
n=186: π(n)=42, min|M|=42 (OPTIMAL, 0.05s)
  confirmed min|M|=π(n). witness=[3, 5, 7, 11, 13, 17, 19, 23, 29, 31, 37, 41, 43, 47, 53]...
n=187: π(n)=42, min|M|=42 (OPTIMAL, 0.04s)
  confirmed min|M|=π(n). witness=[3, 5, 7, 11, 13, 17, 19, 23, 29, 31, 37, 41, 43, 47, 53]...
n=188: π(n)=42, min|M|=42 (OPTIMAL, 0.04s)
  confirmed min|M|=π(n). witness=[3, 5, 7, 11, 13, 17, 19, 23, 29, 31, 37, 41, 43, 47, 53]...
n=189: π(n)=42, min|M|=42 (OPTIMAL, 0.04s)
  confirmed min|M|=π(n). witness=[3, 5, 7, 11, 13, 17, 19, 23, 29, 31, 37, 41, 43, 47, 53]...
n=190: π(n)=42, min|M|=42 (OPTIMAL, 0.04s)
  confirmed min|M|=π(n). witness=[3, 5, 7, 11, 13, 17, 19, 23, 29, 31, 37, 41, 43, 47, 53]...
n=191: π(n)=43, min|M|=43 (OPTIMAL, 0.04s)
  confirmed min|M|=π(n). witness=[3, 5, 7, 11, 13, 17, 19, 23, 29, 31, 37, 41, 43, 47, 53]...
n=192: π(n)=43, min|M|=43 (OPTIMAL, 0.05s)
  confirmed min|M|=π(n). witness=[3, 5, 7, 11, 13, 17, 19, 23, 29, 31, 37, 41, 43, 47, 53]...
n=193: π(n)=44, min|M|=44 (OPTIMAL, 0.04s)
  confirmed min|M|=π(n). witness=[3, 5, 7, 11, 13, 17, 19, 23, 29, 31, 37, 41, 43, 47, 53]...
n=194: π(n)=44, min|M|=44 (OPTIMAL, 0.05s)
  confirmed min|M|=π(n). witness=[3, 5, 7, 11, 13, 17, 19, 23, 29, 31, 37, 41, 43, 47, 53]...
n=195: π(n)=44, min|M|=44 (OPTIMAL, 0.05s)
  confirmed min|M|=π(n). witness=[3, 5, 7, 11, 13, 17, 19, 23, 29, 31, 37, 41, 43, 47, 53]...
n=196: π(n)=44, min|M|=44 (OPTIMAL, 0.05s)
  confirmed min|M|=π(n). witness=[3, 5, 7, 11, 13, 17, 19, 23, 29, 31, 37, 41, 43, 47, 53]...
n=197: π(n)=45, min|M|=45 (OPTIMAL, 0.04s)
  confirmed min|M|=π(n). witness=[3, 5, 7, 11, 13, 17, 19, 23, 29, 31, 37, 41, 43, 47, 53]...
n=198: π(n)=45, min|M|=45 (OPTIMAL, 0.05s)
  confirmed min|M|=π(n). witness=[3, 5, 7, 11, 13, 17, 19, 23, 29, 31, 37, 41, 43, 47, 53]...
n=199: π(n)=46, min|M|=46 (OPTIMAL, 0.05s)
  confirmed min|M|=π(n). witness=[3, 5, 7, 11, 13, 17, 19, 23, 29, 31, 37, 41, 43, 47, 53]...
n=200: π(n)=46, min|M|=46 (OPTIMAL, 0.05s)
  confirmed min|M|=π(n). witness=[3, 5, 7, 11, 13, 17, 19, 23, 29, 31, 37, 41, 43, 47, 53]...

Saved results to /home/user/workspace/erdos872/min_mp_sat_results_71_200.json
