per_n_budget=7200.0s  hard_stop_at=44
  n  sat_L  sat_S   states_L   states_S    tL_s    tS_s
  4      2      2   (cached)                           
  5      3      3   (cached)                           
  6      3      3   (cached)                           
  7      4      4   (cached)                           
  8      4      4   (cached)                           
  9      5      4   (cached)                           
 10      5      4   (cached)                           
 11      6      5   (cached)                           
 12      6      5   (cached)                           
 13      7      6   (cached)                           
 14      7      6   (cached)                           
 15      7      6   (cached)                           
 16      7      6   (cached)                           
 17      8      7   (cached)                           
 18      8      7   (cached)                           
 19      9      8   (cached)                           
 20      9      8   (cached)                           
 21     10      8   (cached)                           
 22     10      8   (cached)                           
 23     11      9   (cached)                           
 24     11      9   (cached)                           
 25     11     10   (cached)                           
 26     11     10   (cached)                           
 27     11     10   (cached)                           
 28     12     10   (cached)                           
 29     13     11   (cached)                           
 30     13     11   (cached)                           
 31     14     12   (cached)                           
 32     14     12   (cached)                           
 33     14     12   (cached)                           
 34     14     12   (cached)                           
 35     15     12   (cached)                           
 36     15     12   (cached)                           
 37     16     13    2961438    2961438   34.54   35.42
 38     16     13    2964750    2964750   35.73   36.63
 39     16     13    6574382    6574382   82.63   83.52
 40     16     13    7497966    7497966   98.70   99.98
 41     17     14   14995934   14995934  212.62  214.95
 42     17     14   21023838   21023838  314.28  312.75
n=43 long-first hit time budget; stopping.
